[    0.0000] Iitializing cgroup subsys cpuset
[    0.000000] Initializing cgroup subsys cpu
[    0.000000] Initializing cgroup subsys cpuacct
[    0.000000] Linux version 4.4.0-134-generic (buildd@lgw01-amd64-033) (gcc version 5.4.0 2016009 (Ubuntu 5.4.0-6ubuntu1~16.04.0) ) #160-Ubuntu SMP Wed Aug 15 14:58:00 UTC 2018 (Ubuntu 4.4.0-134.160-generic 4.4.140)
[    0.000000] Command line: BOOT_IMAGE=/boot/vmlinuz-4.4.0-134-generic root=LABEL=cloudimg-rootfs ro console=tty1 console=ttyS0
[    0.000000] KERNEL supported cpus:
[    0.000000]   Intel GenuineIntel
[    0.000000]   AMD AuthenticAMD
[    0.000000]   Centaur CentaurHauls
[    0.000000] x86/fpu: xstate_offset[2]:  576, xstate_sizes[2]:  256
[    0.000000] x86/fpu: Supporting XSAVE feature 0x01: 'x87 floating point registers'
[    0.000000] x86/fpu: Supporting XSAVE feature 0x02: 'SSE registers'
[    0.000000] x86/fpu: Supporting XSAVE feature 0x04: 'AVX registers'
[    0.000000] x86/fpu: Enabled xstate features 0x7, context size is 832 bytes, using 'standard' format.
[    0.000000] e820: BIOS-provided physical RAM map:
[    0.000000] BIOS-e820: [em 00000000000000000-0x000000000009fbff] usable
[    0.000000] BIOS-e820: [mem 0x000000000009fc00-0x000000000009ffff] eserved
[    0.000000] BIOS-e20: mem 0x00000000000f0000-0x00000000000fffff] reserved
[    0.000000] BIOS-e820: [mem 0x0000000000100000-0x000000003ffeffff] usable
[    0.000000] BIOS-e820: [mem 0x000000003fff0000-0x000000003fffffff] ACPI data
[    0.000000] BIOS-e820:[mem 0x00000000fec0000-0x00000000fec00fff] reservd
[    0.000000] BIOS-e820: [mem 0x00000000fee00000-0x00000000fee00fff] reserved
[    0.000000] BIIOS-e820: [mem 0x0000000fffc0000-0x00000000ffffffff] reserved
[    0.000000] NX (Execute Disable) protection: active
[    0.000000] SMBIOS 2.5 present.
[    0.000000] Hypervisor detected: KVM
[    0.000000] e80: last_pfn = 0x3fff0 max_arch_pfn = 0x400000000
[    0.000000] MTRR:Dissabled
[   0.0000] x86/PAT: MTRRs disabled, skipping PAT initialization too.
[    0.0000] CPU MTRRs all blank - virtualized system.
[    0.000000] x86/PAT: Configuration [0-7]: WB  WT  UC- UC  WB  WT  UC- UC 
[    0.000000] found SMP MP-table at [mem 0x0009fff0-0x0009ffff] mapped at [ffff88000009fff0]
[    0.000000] Scanning 1 areas for low memory corruption
[    0.000000] RAMDISK: [mem 0x360c000-0x3717dff]
[    0.000000] ACPI: Early table checksum verificationdisabed
[    0.000000] ACPI: RSDP 0x00000000000E0000 000024 (v02 VBOX  )[    0.0000000] ACPI: XSDT 0x000000003FFF0030 00003C (v01 VBOX   VBOXXSDT 00000001 AL  0000006)
[    0.00000] ACPI: FACP 0x000000003FFF00F0 0000F4 (v04 VBOX   VBOXFACP 00000001 ASL  00000061)
[    0.000000] ACPI: DSDT 0x000000003FFF0470 0021FF (v02 VBOX   VBOXBIOS 00000002 INTL 20100528)
[    0000000] ACPI:FACS 0x000000003FFF0200 000040
[    0.00000] ACPI: FACS 0x00000003FFF0200 000040
[    .000000] ACPI: APIC 0x000000003FFF0240 00005C (v02 VBOX   VBOXAPIC 00000001 ASL  00000061)
[    0.000000] ACPI: SSDT 0x000000003FFF02A0 0001CC (v01 VBOX   VBOXCPUT 00000002 INTL 20100528)
[    0.000000] No NUM coniguration found
[    0.000000] Faking a node at [mem 0x000000000000000-0x000000003ffeffff]
[    0.000000] NODE_DATA(0) allocaed [mem 0x3ffeb000-0x3ffeffff]
[    0.000000] kvm-clock: Using msrs 4b564d01 and 4b564d00
[    0.000000] kvm-clock: cpu 0, msr 0:3ffe3001, primary cpu clock
[    0.000000] kvm-clock: using sched offset of 3789172657 cycles
[    0.000000] clocksource: kvm-clock: mask: 0xfffffffffffffff max_cycles: 0x1cd42e4dffb, max_idle_ns: 881590591483 ns
[    0.000000] Zone ranges:
[    0.000000]   DMA      [mem 0x0000000000001000-0x0000000000ffffff]
[    0.000000]   DMA32    [mem 0x000000001000000-0x000000003ffeffff]
[    0.000000]   Normal   empty
[    0.000000]   Device   empty
[    0.000000] Movable zone start for each node
[    0.000000] Early memory node ranges
[    0.000000]   node   0: [mem 0x000000000010000x0000000009efff]
[     0.000000]   node   : [mem 0x0000000000100000-0x000000003ffeffff]
[    0.000000] Initmem setup node 0 [mem 0x0000000000001000-0x000000003ffeffff]
[    0.000000] ACPI: PM-Timer IO Port: 0x4008
[    0.000000] IOAPIC[0]: apic_id 2, version 32, address 0xfec00000, GSI 0-23
[    0.000000] ACPI: INT_SRC_OVR (bus 0 bus_irq 0 global_irq 2 dfl dfl)
[    0.000000] ACPI: INT_SRC_OVR (bus 0 bus_irq 9 global_irq 9 low level)
[    0.000000] Using ACPI (MADT) for SMP configuration information
[    0.000000] smpboot: Allowing 2 CPUs, 0 hotplug CPUs
[    0.000000] PM: Registered nosave memory: [mem 0x00000000-0x00000fff]
[    0.000000] PM: Registered nosave memory: [mem 0x0009f000-0x0009ffff]
[    0.000000] PM: Registered nosave memory: [mem 0x000a0000-0x000effff]
[    0.000000] PM: Registered nosave memory: [mem 0x000f0000-0x000fffff]
[   0.00000] e820: [mem 0x40000000-0xfebfffff] available for PCI devices
[    0.000000] Booting paravirtualied kernel on KVM
[    0.000000] clocksource: refined-jiffies: mask: 0xffffffff max_cycles: 0xffffffff, max_idle_ns: 7645519600211568 ns
[    0.000000] stup_percpu: NR_CPUS:512 nr_cpumask_bits:512 nr_cpu_ids:2 nr_node_ids:1
[    0.000000] PERCPU: Embedded 34 pages/cpu @ffff88003fc00000 s99544 r8192 d31528 u1048576
[    0.000000] PV qspinlockhash table entries: 256 (order: 0, 4096 bytes)
[    0.000000] Built 1 zonelists in Node order, mobility grouping on.  Total pages: 257912
[    0.000000] Policy zone: DMA32
[    0.000000] Kernel command line: BOOT_IMAGE=/boot/vmlinuz-4.4.0-134-generic root=LABEL=cloudimg-rootfs roonsole=tty1 console=ttS0
[    0.000000] PIDhash table entries: 4096 orde: 3, 32768 bytes)
[    0.000000] Memory: 997724K/1048120K available (8554K kernel code, 1314K rwdata, 4004K rodata, 1516K init, 1316K bss, 50396K reserved, 0K cma-reserved)
[    0.000000] SLB: HWalgn=64, Order=0-3, MinObjects=0, CPs=2,NNodes=1
[    0.000000] Kernel/User page tables isolation: nabled
[    0.00000] Hierarchical RCU implementation.
[    0.000000] 	Build-time adjustment of leaf fanout to 64.
[    0.000000] 	RCU restricting CPUs from NR_CPUS=512 to nr_pu_ids=2.
[   0.00000] RCU: Adjusting geometry for rcu_fanout_leaf=64, nr_cpu_ids=2
[    0.000000] NR_IRQS:33024 nr_irqs:440 16
[    0.000000] Console: colour VGA+ 80x25
[    0.000000] console [tty1] enabled
[    0.000000] console [ttyS0] enabled
[    0.000000] tsc: Detected 1799.999 MHz processor
[    1.516262] Calibrating delay loop (skipped) preset value.. 3599.99 BogoMIPS (lpj=7199996)
[    1519766] id_max: default: 32768 miimum: 301
[    1.562835] ACPI: Core revision 20150930
[    1.573580] ACPI: 2 ACPI AML tables successfully acquired and loaded
[    1.577657] Security Framework initialized
[    1.584910] Yama: becoming mindful.
[    1.586439] AppArmor: AppArmor initialized
[    1.598571] Dentry cache hash table entries: 131072 (order: 8, 1048576 bytes)
[    1.606055] Inode-cache hash table entries: 65536 (order: 7, 524288 bytes)
[    1.634531] Mount-cache hash table entries: 2048 (order: 2, 16384 bytes)
[    1.641062] Mountpoint-cache hash table entries: 2048 (order: 2, 16384 bytes)
[    1.650856] Initializing cgroup subsys io
[    1.655265] Initializing cgroup subsys memory
[    1.656873] Initializing cgroup subsys devices
[    1.667620] Initializing cgroup subsys freezer
[    1.669560] Initializing cgroup subsys net_cls
[    1.671471] Initializing cgroup subsys perf_event
[    1.676164] Initializing cgroup subsys net_prio
[    1.678015] Initializing cgroup subsys hugetlb
[    1.691772] Initializing cgroup subsys pids
[    1.694781] mce: CPU supports 0 MCE banks
[    1.704028] Last level iTLB entries: 4KB 64, 2MB 8, 4MB 8
[    1.723446] Last level dTLB entries: 4KB 64, 2MB 0, 4MB 0, 1GB 4
[    1.732576] Spectre V2 : Mitigation: Full generic retpoline
[    1.739650] Spectre V2 : Speculation control IBPB not-supported IBRS not-supported
[    1.749112] Speculative Store Bypass: Vulnerable
[    1.754272] Freeing SMP alternatives memory: 32K
[    1.764405] ftrace: allocating 32266 entries in 127 pages
[    1.823320] smpboot: APIC(0) Converting physical 0 to logical package 0
[    1.831382] smpboot: Max logical packages: 1
[    1.839621] x2apic enabled
[    1.841120] Switched APIC routing to physical x2apic.
[    1.848618] ..TIMER: vector=0x30 apic1=0 pin1=2 apic2=-1 pin2=-1
[    1.975161] smpboot: CPU0: Intel(R) Core(TM) i5-5350U CPU @ 1.80GHz (family: 0x6, model: 0x3d, stepping: 0x4)
[    1.996735] Performance Events: unsupported p6 CPU model 61 no PMU driver, software events only.
[    2.005451] KVM setup paravirtual spinlock
[    2.008199] x86: Booting SMP configuration:
[    2.009848] .... node  #0, CPUs:      #1
[    2.011619] kvm-clock: cpu 1, msr 0:3ffe3041, secondary cpu clock
[    2.014956] mce: CPU supports 0 MCE banks
[    2.018367] x86: Booted up 1 node, 2 CPUs
[    2.020161] smpboot: Total of 2 processors activated (7199.99 BogoMIPS)
[    2.023342] devtmpfs: initialized
[    2.026237] evm: security.selinux
[    2.028062] evm: security.SMACK64
[    2.030960] evm: security.SMACK64EXEC
[    2.032566] evm: security.SMACK64TRANSMUTE
[    2.034483] evm: security.SMACK64MMAP
[    2.040692] evm: security.ima
[    2.043086] evm: security.capability
[    2.046351] clocksource: jiffies: mask: 0xffffffff max_cycles: 0xffffffff, max_idle_ns: 7645041785100000 ns
[    2.054148] futex hash table entries: 512 (order: 3, 32768 bytes)
[    2.058660] pinctrl core: initialized pinctrl subsystem
[    2.062396] RTC time: 10:56:17, date: 09/13/18
[    2.068214] NET: Registered protocol family 16
[    2.082627] cpuidle: using governor ladder
[    2.094776] cpuidle: using governor menu
[    2.097427] PCCT header not found.
[    2.109214] ACPI: bus type PCI registered
[    2.125031] acpiphp: ACPI Hot Plug PCI Controller Driver version: 0.5
[    2.127806] PCI: Using configuration type 1 for base access
[    2.173847] ACPI: Added _OSI(Module Device)
[    2.185302] ACPI: Added _OSI(Processor Device)
[    2.202765] ACPI: Added _OSI(3.0 _SCP Extensions)
[    2.207356] ACPI: Added _OSI(Processor Aggregator Device)
[    2.210061] ACPI: Executed 1 blocks of module-level executable AML code
[    2.228520] ACPI: Interpreter enabled
[    2.229831] ACPI: (supports S0 S5)
[    2.231496] ACPI: Using IOAPIC for interrupt routing
[    2.239429] PCI: Using host bridge windows from ACPI; if necessary, use "pci=nocrs" and report a bug
[    2.254088] ACPI: PCI Root Bridge [PCI0] (domain 0000 [bus 00-ff])
[    2.296545] acpi PNP0A03:00: _OSC: OS supports [ASPM ClockPM Segments MSI]
[    2.314605] acpi PNP0A03:00: _OSC: not requesting OS control; OS requires [ExtendedConfig ASPM ClockPM MSI]
[    2.349390] acpi PNP0A03:00: fail to add MMCONFIG information, can't access extended PCI configuration space under this bridge.
[    2.373871] PCI host bridge to bus 0000:00
[    2.379134] pci_bus 0000:00: root bus resource [io  0x0000-0x0cf7 window]
[    2.385562] pci_bus 0000:00: root bus resource [io  0x0d00-0xffff window]
[    2.397439] pci_bus 0000:00: root bus resource [mem 0x000a0000-0x000bffff window]
[    2.409373] pci_bus 0000:00: root bus resource [mem 0x40000000-0xfdffffff window]
[    2.427920] pci_bus 0000:00: root bus resource [bus 00-ff]
[    2.438232] pci 0000:00:01.1: legacy IDE quirk: reg 0x10: [io  0x01f0-0x01f7]
[    2.448218] pci 0000:00:01.1: legacy IDE quirk: reg 0x14: [io  0x03f6]
[    2.451316] pci 0000:00:01.1: legacy IDE quirk: reg 0x18: [io  0x0170-0x0177]
[    2.467735] pci 0000:00:01.1: legacy IDE quirk: reg 0x1c: [io  0x0376]
[    2.494810] pci 0000:00:07.0: quirk: [io  0x4000-0x403f] claimed by PIIX4 ACPI
[    2.512146] pci 0000:00:07.0: quirk: [io  0x4100-0x410f] claimed by PIIX4 SMB
[    2.543864] ACPI: PCI Interrupt Link [LNKA] (IRQs 5 9 10 *11)
[    2.547195] ACPI: PCI Interrupt Link [LNKB] (IRQs 5 9 *10 11)
[    2.550709] ACPI: PCI Interrupt Link [LNKC] (IRQs 5 *9 10 11)
[    2.557458] ACPI: PCI Interrupt Link [LNKD] (IRQs 5 9 10 *11)
[    2.561052] ACPI: Enabled 2 GPEs in block 00 to 07
[    2.571622] vgaarb: setting as boot device: PCI:0000:00:02.0
[    2.574984] vgaarb: device added: PCI:0000:00:02.0,decodes=io+mem,owns=io+mem,locks=none
[    2.587965] vgaarb: loaded
[    2.594599] vgaarb: bridge control possible 0000:00:02.0
[    2.608112] SCSI subsystem initialized
[    2.612795] ACPI: bus type USB registered
[    2.615934] usbcore: registered new interface driver usbfs
[    2.627609] usbcore: registered new interface driver hub
[    2.632692] usbcore: registered new device driver usb
[    2.646190] PCI: Using ACPI for IRQ routing
[    2.648298] NetLabel: Initializing
[    2.649680] NetLabel:  domain hash size = 128
[    2.654638] NetLabel:  protocols = UNLABELED CIPSOv4
[    2.656509] NetLabel:  unlabeled traffic allowed by default
[    2.660245] amd_nb: Cannot enumerate AMD northbridges
[    2.669235] clocksource: Switched to clocksource kvm-clock
[    2.682765] AppArmor: AppArmor Filesystem Enabled
[    2.686415] pnp: PnP ACPI init
[   2.690140] pnp: PnP ACPI: found 3 devices

[    2.728457] clocksource acpi_pm: mask: 0xffffff max_cycles: 0xffffff, max_idle_ns: 2085701024 ns
[    2.755963] NET: Registered protocol family 2

[    2.758162] TCP established hash table entries: 8192 (order: 4, 65536 bytes)
[    2.765384] TCP bind hash table entries: 8192 (order: 5, 131072 bytes)
[    2.767932] TCP: Hash tables configured (established 8192 bind 892)
[   2.794380] UDP hash table entries: 512 (order: 2, 16384 bytes)
[    2.820411] UDP-Lit has table entries: 512 (order: 2, 16384 bytes)
[    2.870694] NET: Registered prtocol faily 1
[    2.919808] pi 0000:00:0.0: Limiting direct PCI/CI transfers
[    2.993653] pci 0000:00:1.0:Activatng ISA DMA hang workarounds
[    3.067251] Unpacking initramfs...

[    3.364859] Freeing initrd memory: 14792K
[    3.366661] RAPL PMU detected, API unit is 2^-32 Joules, 4 fixed counters 10737418240 ms ovfl timer
[    3.370375] hw unit of domain pp0-core 2^-0 Joules
[    3.378796] hw unit of domain package 2^-0 Joules
[    3.380734] hw unit of domain dram 2^-0 Joules
[    3.382671] hw unit of domain pp1-gpu 2^-0 Joules
[    3.384756] platform rtc_cmos: registered platform RTC device (no PNP device found)
[    3.388106] Scanning for low memory corruption every 60 seconds
[    3.391316] audit: initializing netlink subsys (disabled)
[    3.393653] audit: type=2000 audit(1536836182.586:1): initialized
[    3.396966] Initialise system trusted keyring
[    3.405217] HugeTLB registered 2 MB page size, pre-allocated 0 pages
[    3.424406] zbud: loaded
[    3.426390] VFS: Disk quotas dquot_6.6.0
[    3.427996] VFS: Dquot-cache hash table entries: 512 (order 0, 4096 bytes)
[    3.430782] squashfs: version 4.0 (2009/01/31) Phillip Lougher
[    3.433090] fuse init (API version 7.23)
[    3.441662] Key type big_key registered
[    3.447141] Allocating IMA MOK and blacklist keyrings.
[    3.458077] Key type asymmetric registered
[    3.459496] Asymmetric key parser 'x509' registered
[    3.467226] Block layer SCSI generic (bsg) driver version 0.4 loaded (major 249)
[    3.480012] io scheduler noop registered
[    3.495217] io scheduler deadline registered (default)
[    3.503642] io scheduler cfq registered
[    3.505479] pci_hotplug: PCI Hot Plug PCI Core version: 0.5
[    3.509623] pciehp: PCI Express Hot Plug Controller Driver version: 0.4
[    3.525625] ACPI: AC Adapter [AC] (off-line)
[    3.533774] input: Power Button as /devices/LNXSYSTM:00/LNXPWRBN:00/input/input0
[    3.547618] ACPI: Power Button [PWRF]
[    3.549811] input: Sleep Button as /devices/LNXSYSTM:00/LNXSLPBN:00/input/input1
[    3.552726] ACPI: Sleep Button [SLPF]
[    3.563563] ACPI: Battery Slot [BAT0] (battery present)
[    3.574420] GHES: HEST is not enabled!
[    3.577597] Serial: 8250/16550 driver, 32 ports, IRQ sharing enabled
[    3.604254] 00:02: ttS0 atI/O 0x3f8 (irq = 4, base_baud = 115200) is a 16550A

[    3.660040] Linux agpgart interface v0.103
[    3.663636] loop: module loaded
[    3.665416] scsi host0: ata_piix
[    3.666696] scsi host1: ata_piix
[    3.667837] ata1: PATA max UDMA/33 cmd 0x1f0 ctl 0x3f6 bmdma 0xd000 irq 14
[    3.669948] ata2: PATA max UDMA/33 cmd 0x170 ctl 0x376 bmdma 0xd008 irq 15
[    3.672133] libphy: Fixed MDIO Bus: probed
[    3.75031] tun: Universal TUN/TAP device river, 1.6
[    3.725061] tu: (C)1999-2004 Max Krasnyansky <maxk@qualcomm.com>

[    3.774982] PPP generic driver version 2.4.2
[    3.778448] ehci_hcd: USB 2.0 'Enhanced' Host Controller (EHCI) Driver
[    3.786275] ehci-pci: EHCI PCI latform driver
[   3.826972] ehci-platform: EHCI generic platform driver
[    352629] ohc_hcd: USB 1.1 'Open' Host Controller (OHCI) Driver
[    3.926249] ohci-pci: OHCI PCI platform drivr
[    3.951666] ohci-platform: OHCI generic platform driver
    3953786] hci_hcd: USB Universal Host Controller Interface driver
[    4.026905] i8042: PNP: PS/2 Controller [PNP0303:PS2K,NP0f03:PS2M] at 0x60,0x64irq 1,12
[    4.077563] serio: i8042 KBD port at 0x60,0x64 irq 1
[    4.07396] serio: i8042 AUX port at 0x60,0x64 irq 12

[    4.105346] mousedev: PS/2 mouse device common for all mice
[    4.116493] rtc_cmos rtc_cmos: rtc core: registered rtc_cmos as rtc0
[    4.134381] rtc_cmos rtc_cmos: alarms up to one day, 114 bytes nvram
[    4.145553] input: AT Translated Set 2 keyboard as /devices/platform/i8042/serio0/input/input2
[    4.164917] i2c /dev entries driver
[    4.170570] device-mapper: uevent: version 1.0.3
[    4.181867] device-mapper: ioctl: 4.34.0-ioctl (2015-10-28) initialised: dm-devel@redhat.com
[    4.191221] ledtrig-cpu: registered to indicate activity on CPUs
[    4.211383] NET: Registered protocol family 10
[    4.214056] NET: Registered protocol family 17
[    4.216366] Key type dns_resolver registered
[    4.219011] registered taskstats version 1
[    4.222681] Loading compiled-in X.509 certificates
[    4.231342] Loaded X.509 cert 'Build time autogenerated kernel key: 4eb3d024ac16f76c1747ffd474694c84db21038b'
[    4.236289] zswap: loaded using pool lzo/zbud
[    4.241323] Key type trusted registered
[    4.255191] Key type encrypted registered
[    4.262248] AppArmor: AppArmor sha1 policy hashing enabled
[    4.264136] ima: No TPM chip found, activating TPM-bypass!
[    4.270254] ima: Allocated hash algorithm: sha1
[    4.278770] evm: HMAC attrs: 0x1
[    4.281013]   Magic number: 2:944:931
[    4.282946] rtc_cmos rtc_cmos: setting system clock to 2018-09-13 10:56:20 UTC (1536836180)
[    4.286665] BIOS EDD facility v0.16 2004-Jun-25, 0 devices found
[    4.289532] EDD information not available.
[    4.292910] Freeing unused kernel memory: 1516K
[    4.313560] Write protecting the kernel read-only data: 14336k
[    4.316477] Freeing unused kernel memory: 1672K
[    4.322885] Freeing unused kernel memory: 92K
Loading, please wait...
starting version[    4.359040] random: systemd-udevd: uninitialized urandom read (16 bytes read, 3 bits of entropy available)
 229
[    4.359835] random: udevadm: uninitialized urandom read (16 bytes read, 3 bits of entropy available)
[    4.359872] random: udevadm: uninitialized urandom read (16 bytes read, 3 bits of entropy available)
[    4.381378] tsc: Refined TSC clocksource calibration: 1800.770 MHz
[    4.381381] clocksource: tsc: mask: 0xffffffffffffffff max_cycles: 0x19f5011133a, max_idle_ns: 440795288331 ns
[    4.383894] random: udevadm: uninitialized urandom read (16 bytes read, 3 bits of entropy available)
[    4.383972] random: udevadm: uninitialized urandom read (16 bytes read, 3 bits of entropy available)
[    4.384194] random: udevadm: uninitialized urandom read (16 bytes read, 3 bits of entropy available)
[    4.384277] random: udevadm: uninitialized urandom read (16 bytes read, 3 bits of entropy available)
[    4.384360] random: udevadm: uninitialized urandom read (16 bytes read, 3 bits of entropy available)
[    4.384443] random: udevadm: uninitialized urandom read (16 bytes read, 3 bits of entropy available)
[    4.384612] random: udevadm: uninitialized urandom read (16 bytes read, 3 bits of entropy available)
[    4.579384] e1000: Intel(R) PRO/1000 Network Driver - version 7.3.21-k8-NAPI
[    4.582217] e1000: Copyright (c) 1999-2006 Intel Corporation.
[    4.586685] Fusion MPT base driver 3.04.20
[    4.588743] Copyright (c) 1999-2008 LSI Corporation
[    4.597023] Fusion MPT SPI Host driver 3.04.20
[    4.607091] AVX2 version of gcm_enc/dec engaged.
[    4.609303] AES CTR mode by8 optimization enabled
[    4.798136] input: ImExPS/2 Generic Explorer Mouse as /devices/platform/i8042/serio1/input/input4
[    5.009777] e1000 0000:00:03.0 eth0: (PCI:33MHz:32-bit) 02:1d:76:b3:3c:fe
[    5.034998] e1000 0000:00:03.0 eth0: Intel(R) PRO/1000 Network Connection
[    5.043053] mptbase: ioc0: Initiating bringup
[    5.434753] ioc0: LSI53C1030 A0: Capabilities={Initiator}
[    5.675122] scsi host2: ioc0: LSI53C1030 A0, FwRev=00000000h, Ports=1, MaxQ=256, IRQ=20
[    6.026088] scsi 2:0:0:0: Direct-Access     VBOX     HARDDISK         1.0  PQ: 0 ANSI: 5
[    6.033507] scsi target2:0:0: Beginning Domain Validation
[    6.046792] scsi target2:0:0: Domain Validation skipping write tests
[    6.048848] scsi target2:0:0: Ending Domain Validation
[    6.050599] scsi target2:0:0: asynchronous
[    6.052975] scsi 2:0:1:0: Direct-Access     VBOX     HARDDISK         1.0  PQ: 0 ANSI: 5
[    6.082960] scsi target2:0:1: Beginning Domain Validation
[    6.087982] scsi target2:0:1: Domain Validation skipping write tests
[    6.090658] scsi target2:0:1: Ending Domain Validation
[    6.092425] scsi target2:0:1: asynchronous
[    6.118208] sd 2:0:0:0: Attached scsi generic sg0 type 0
[    6.120634] sd 2:0:0:0: [sda] 20971520 512-byte logical blocks: (10.7 GB/10.0 GiB)
[    6.124612] sd 2:0:1:0: [sdb] 20480 512-byte logical blocks: (10.5 MB/10.0 MiB)
[    6.127968] sd 2:0:1:0: Attached scsi generic sg1 type 0
[    6.130449] sd 2:0:1:0: [sdb] Write Protect is off
[    6.132540] sd 2:0:0:0: [sda] Write Protect is off
[    6.134469] sd 2:0:1:0: [sdb] Incomplete mode parameter data
[    6.136354] sd 2:0:1:0: [sdb] Assuming drive cache: write through
[    6.138689] sd 2:0:0:0: [sda] Incomplete mode parameter data
[    6.140697] sd 2:0:0:0: [sda] Assuming drive cache: write through
[    6.146792]  sda: sda1
[    6.150699] sd 2:0:1:0: [sdb] Attached SCSI disk
[    6.153027] sd 2:0:0:0: [sda] Attached SCSI disk
[    6.489703] e1000 0000:00:08.0 eth1: (PCI:33MHz:32-bit) 08:00:27:08:e4:fb
[    6.492529] e1000 0000:00:08.0 eth1: Intel(R) PRO/1000 Network Connection
[    6.504136] e1000 0000:00:08.0 enp0s8: renamed from eth1
[    6.521972] e1000 0000:00:03.0 enp0s3: renamed from eth0
Begin: Loading essential drivers ... [    7.927096] md: linear personality registered for level -1
[    7.932819] md: multipath personality registered for level -4
[    7.938594] md: raid0 personality registered for level 0
[    7.944749] md: raid1 personality registered for level 1
[    8.029360] raid6: sse2x1   gen()  8886 MB/s
[    8.133655] raid6: sse2x1   xor()  6796 MB/s
[    8.209911] raid6: sse2x2   gen() 11275 MB/s
[    8.285334] raid6: sse2x2   xor()  7051 MB/s
[    8.363254] raid6: sse2x4   gen() 12949 MB/s
[    8.437923] raid6: sse2x4   xor()  8993 MB/s
[    8.510051] raid6: avx2x1   gen() 17467 MB/s
[    8.589852] raid6: avx2x2   gen() 20638 MB/s
[    8.661560] raid6: avx2x4   gen() 22700 MB/s
[    8.665402] raid6: using algorithm avx2x4 gen() 22700 MB/s
[    8.667204] raid6: using avx2x2 recovery algorithm
[    8.675735] xor: automatically using best checksumming function:
[    8.725579]    avx       : 26192.000 MB/sec
[    8.733662] async_tx: api initialized (async)
[    8.744741] md: raid6 personality registered for level 6
[    8.754211] md: raid5 personality registered for level 5
[    8.756082] md: raid4 personality registered for level 4
[    8.763760] md: raid10 personality registered for level 10
done.
Begin: Running /scripts/init-premount ... done.
Begin: Mounting root file system ... Begin: Running /scripts/local-top ... done.
Begin: Running /scripts/local-premount ... [    8.801878] Btrfs loaded
Scanning for Btrfs filesystems
done.
Warning: fsck not present, so skipping root file system
[    8.854220] EXT4-fs (sda1): mounted filesystem with ordered data mode. Opts: (null)
done.
Begin: Running /scripts/local-bottom ... done.
Begin: Running /scripts/init-bottom ... done.
[    9.005395] systemd[1]: systemd 229 running in system mode. (+PAM +AUDIT +SELINUX +IMA +APPARMOR +SMACK +SYSVINIT +UTMP +LIBCRYPTSETUP +GCRYPT +GNUTLS +ACL +XZ -LZ4 +SECCOMP +BLKID +ELFUTILS +KMOD -IDN)
[    9.018260] systemd[1]: Detected virtualization oracle.
[    9.019975] systemd[1]: Detected architecture x86-64.

Welcome to [1mUbuntu 16.04.5 LTS[0m!

[    9.205965] systemd[1]: Set hostname to <ubunu>.[   9.265674] systemd[]: Initializing machine ID from random generator.
[    9.339260] systemd[1]: Installed transient /etc/machine-id file.

[    9.526073] systemd[1]: Listening on Syslog Socket.
[[0;32m  OK  [0m] Listening on Syslog Socket.
[    9.535530] systemd[1]: Started Trigger resolvconf update for networkd DNS.
[[0;32m  OK  [0m] Started Trigger resolvconf update for networkd DNS.
[    9.562661] systemd[1]: Reached target ncrypted Volums.

[[0;32m  OK  [0m] Reached target Encrypted Volumes.
[    9.634403] systemd[1]: Set up automount Arbitrary Executable File Formats File System Automoun Point.

[[0;32m  OK  [0m] Set up automount Arbitrary Executab...ats File System Automount Point.
[    9.690440] systemd[1]: Listening on Journal Socket (/dev/log).
[[0;32m  OK  [0m] Listening on Journal Socket (/dev/log).
[    9.699082] systemd[1]: Reached target System Time Synchronized.
[[0;32m  OK  [0m] Reached target System Time Synchronized.
[    9.711003] systemd[1]: Listening on Journal Audit Socket.
[[0;32m  OK  [0m] Listening on Journal Audit Socket.
[    9.716189] systemd[1]: Listening on LVM2 poll daemon socket.
[[0;32m  OK  [0m] Listening on LVM2 poll daemon socket.
[    9.734587] systemd[1]: Listening on Device-mapper event daemon FIFOs.
[[0;32m  OK  [0m] Listening on Device-mapper event daemon FIFOs.
[   9.754975] systemd[1]: Reched target Swap.

[[0;32m  OK  [0m] Reached target Swap.
[    9.998519] systemd[1]: Listening on LVM2 metadata daemon socket.
[[0;32m  OK  [0m] Listening on LVM2 metadata daemon socket.
[   10.004919] systemd[1]: Listening on /dev/initctl Compatibility Named Pipe.
[[0;32m  OK  [0m] Listening on /dev/initctl Compatibility Named Pipe.
[   10.011183] systemd[1]: Listening on udev Control Socket.
[[0;32m  OK  [0m] Listening on udev Control Socket.
[   10.017195] systemd[1]: Listening on udev Kernel Socket.
[[0;32m  OK  [0m] Listening on udev Kernel Socket.
[   10.026960] systemd[1]: Listening on Journal Socket.
[[0;32m  OK  [0m] Listening on Journal Socket.
[   10.040347] systemd[1]: Started Forward Password Requests to Wall Directory Watch.
[[0;32m  OK  [0m] Started Forward Password Requests to Wall Directory Watch.
[   10.055761] systemd[1]: Created slice System Slice.
[[0;32m  OK  [0m] Created slice System Slice.
[   10.081750] systemd[1]: Starting Remount Root and Kernel File Systems...
         Starting Remount[   10.102248] EXT4-fs (sda1): re-mounted. Opts: (null)
 Root and Kernel File Systems...
[   10.117586] systemd[1]: Mounting Debug File System...
         Mounting Debug File System...
[   10.134741] systemd[1]: Created slice system-serial\x2dgetty.slice.
[[0;32m  OK  [0m] Created slice system-serial\x2dgetty.slice.
[   10.165981] systemd[1]: Starting Nameserver information manager...
         Starting Nameserver information manager...
[   10.188517] systemd[1]: Starting Load Kernel Modules...
         Starting Load Kernel Modules...
[   10.201911] systemd[1]: Mounting POSIX Message Queue File System...
[   10.204571] Loading iSCSI transport class v2.0-870.
         Mounting POSIX Message Queue File System...
[   10.211674] systemd[1]: Starting Monitoring of LVM2 mirrors, snapshots etc. using dmeventd or progress polling...
         Starting Monitoring of LVM2 mirrors... dmeventd or progress polling...
[   10.221835] systemd[1]: Mounting Huge Pages File System...
         Mounting Huge Pages File System.[   10.235031] iscsi: registered transport (tcp)
..
[   10.267392] random: nonblocking pool is initialized
[   10.286178] systemd[1]: Starting Uncomplicated firewall...
         Startin[   10.292526] iscsi: registered transport (iser)
g Uncomplicated firewall...
[   10.304315] systemd[1]: Starting Journal Service...
         Starting Journal Service...
[   10.350008] systemd[1]: Starting Set console keymap...
         Starting Set console keymap...
[   10.357986] systemd[1]: Starting Create list of required static device nodes for the current kernel...
         Starting Create list of required st... nodes for the current kernel...
[   10.368387] systemd[1]: Created slice User and Session Slice.
[[0;32m  OK  [0m] Created slice User and Session Slice.
[   10.372779] systemd[1]: Reached target Slices.
[[0;32m  OK  [0m] Reached target Slices.
[   10.376787] systemd[1]: Reached target User and Group Name Lookups.
[[0;32m  OK  [0m] Reached target User and Group Name Lookups.
[   10.399201] systemd[1]: Mounted Debug File System.
[[0;32m  OK  [0m] Mounted Debug File System.
[   10.408415] systemd[1]: Mounted Huge Pages File System.
[[0;32m  OK  [0m] Mounted Huge Pages File System.
[   10.422497] systemd[1]: Mounted POSIX Message Queue File System.
[[0;32m  OK  [0m] Mounted POSIX Message Queue File System.
[   10.436018] systemd[1]: Started Journal Service.
[[0;32m  OK  [0m] Started Journal Service.
[[0;32m  OK  [0m] Started Remount Root and Kernel File Systems.
[[0;32m  OK  [0m] Started Load Kernel Modules.
[[0;32m  OK  [0m] Started Uncomplicated firewall.
[[0;32m  OK  [0m] Started Set console keymap.
[[0;32m  OK  [0m] Started Create list of required sta...ce nodes for the current kernel.
[[0;32m  OK  [0m] Started Nameserver information manager.
[[0;32m  OK  [0m] Started LVM2 metadata daemon.
         Starting Create Static Device Nodes in /dev...
         Starting Apply Kernel Variables...
         Mounting FUSE Control File System...
         Starting Load/Save Random Seed...
         Starting udev Coldplug all Devices...
         Starting Flush Journal to Persistent Storage...
[[0;32m  OK  [0m] Mounted FUSE Control File System.
[[0;32m  OK  [0m] Started Create Static Device Nodes in /dev.
[[0;32m  OK  [0m] Started Apply Kernel Variables.
[[0;32m  OK  [0m] Started Load/Save Random Seed.
[[0;32m  OK  [0m] Started udev Coldplug all Devices.
[[0;32m  OK  [0m] Started Flush Journal to Persistent Storage.
         Starting udev Kernel Device Manager...
[[0;32m  OK  [0m] Started udev Kernel Device Manager.
[[0;32m  OK  [0m] Started Dispatch Password Requests to Console Directory Watch.
[[0;32m  OK  [0m] Found device /dev/ttyS0.
[[0;32m  OK  [0m] Started Monitoring of LVM2 mirrors,...ng dmeventd or progress polling.
[[0;32m  OK  [0m] Reached target Local File Systems (Pre).
[[0;32m  OK  [0m] Reached target Local File Systems.
         Starting Create Volatile Files and Directories...
         Starting Commit a transient machine-id on disk...
         Starting Initial cloud-init job (pre-networking)...
         Starting LSB: AppArmor initialization...
         Starting Set console font and keymap...
         Starting Tell Plymouth To Write Out Runtime Data...
[[0;32m  OK  [0m] Started Create Volatile Files and Directories.
[[0;32m  OK  [0m] Started Tell Plymouth To Write Out Runtime Data.
[[0;32m  OK  [0m] Started Commit a transient machine-id on disk.
[[0;32m  OK  [0m] Listening on Load/Save RF Kill Switch Status /dev/rfkill Watch.
         Starting Update UTMP about System Boot/Shutdown...
[[0;32m  OK  [0m] Started Update UTMP about System Boot/Shutdown.
[[0;32m  OK  [0m] Started LSB: AppArmor initialization.
[   10.781356] cloud-init[531]: Cloud-init v. 18.3-9-g2e62cb8a-0ubuntu1~16.04.2 running 'init-local' at Thu, 13 Sep 2018 10:56:28 +0000. Up 10.09 seconds.
[[0;32m  OK  [0m] Started Set console font and keymap.
[[0;32m  OK  [0m] Created slice system-getty.slice.
[[0;32m  OK  [0m] Started Initial cloud-init job (pre-networking).
[[0;32m  OK  [0m] Reached target Network (Pre).
         Starting Raise network interfaces...
[[0;32m  OK  [0m] Started Raise network interfaces.
         Starting Initial cloud-init job (metadata service crawler)...
[[0;32m  OK  [0m] Reached target Network.
[   11.975904] cloud-init[936]: Cloud-init v. 18.3-9-g2e62cb8a-0ubuntu1~16.04.2 running 'init' at Thu, 13 Sep 2018 10:56:29 +0000. Up 11.38 seconds.
[   11.992224] cloud-init[936]: ci-info: ++++++++++++++++++++++++++++++++++++++Net device info+++++++++++++++++++++++++++++++++++++++
[   12.041986] cloud-init[936]: ci-info: +--------+-------+----------------------------+---------------+--------+-------------------+
[   12.043006] cloud-init[936]: ci-info: | Device |   Up  |          Address           |      Mask     | Scope  |     Hw-Address    |
[   12.043359] cloud-init[936]: ci-info: +--------+-------+----------------------------+---------------+--------+-------------------+
[[0;32m  OK  [0m] Started Initial cloud-init job (metadata service crawler).
[   12.045164] cloud-init[936]: ci-info: | enp0s3 |  True |         10.0.2.15          | 255.255.255.0 | global | 02:1d:76:b3:3c:fe |
[   12.225569] cloud-init[936]: ci-info: | enp0s3 |  True | fe80::1d:76ff:feb3:3cfe/64 |       .       |  link  | 02:1d:76:b3:3c:fe |
[   12.226891] cloud-init[936]: ci-info: | enp0s8 | False |             .              |       .       |   .    | 08:00:27:08:e4:fb |
[[0;32m  OK  [0m] Reached target Cloud-config availability.
[   12.227835] cloud-init[936]: ci-info: |   lo   |  True |         127.0.0.1          |   255.0.0.0   |  host  |         .         |
[   12.338867] cloud-init[936]: ci-info: |   lo   |  True |          ::1/128           |       .       |  host  |         .         |
[[0;32m  OK  [0m] Reached target System Initialization.
[[   12.342414] cloud-init[936]: ci-info: +--------+-------+----------------------------+---------------+--------+-------------------+
[   12.412333] [0;32m  OK  [0mcloud-init] [936]: Started Daily Cleanup of Temporary Directories.ci-info: +++++++++++++++++++++++++++Route IPv4 info++++++++++++++++++++++++++++

[   12.447469] cloud-init[936]: ci-info: +-------+-------------+----------+---------------+-----------+-------+
[   12.448242] cloud-init[936]: ci-info: | Route | Destination | Gateway  |    Genmask    | Interface | Flags |
[   12.452144] cloud-init[936]: ci-info: +-------+-------------+----------+---------------+-----------+-------+
[   12.454833] cloud-init[936]: ci-info: |   0   |   0.0.0.0   | 10.0.2.2 |    0.0.0.0    |   enp0s3  |   UG  |
[[0;32m  OK  [0m] Listening on D-Bus System Message Bus Socket.
[[   12.458180] cloud-init[936]: ci-info: |   1   |   10.0.2.0  | 0.0.0.0  | 255.255.255.0 |   enp0s3  |   U   |
[   12.501983] cloud-init[936]: ci-info: +-------+-------------+----------+---------------+-----------+-------+
[   12.505826] cloud-init[936]: ci-info: +++++++++++++++++++Route IPv6 info+++++++++++++++++++
[   12.509280] cloud-init[936]: ci-info: +-------+-------------+---------+-----------+-------+
[   12.510770] cloud-init[936]: ci-info: | Route | Destination | Gateway | Interface | Flags |
[0;32m  OK  [0m] Listening on ACPID Listen Socket.
[[   12.511255] cloud-init[936]: ci-info: +-------+-------------+---------+-----------+-------+
[   12.527546] cloud-init[936]: ci-info: |   0   |  fe80::/64  |    ::   |   enp0s3  |   U   |
[   12.530989] cloud-init[936]: ci-info: |   3   |   ff00::/8  |    ::   |   enp0s3  |   U   |
[0;32m  OK  [0m] Started Daily apt download activities.
[[   12.532466] cloud-init[936]: ci-info: +-------+-------------+---------+-----------+-------+
[   12.540838] cloud-init[936]: Generating public/private rsa key pair.
[0;32m  OK  [0m] Started Daily apt upgrade and clean activities.
[   12.544228] cloud-init[936]: Your identification has been saved in /etc/ssh/ssh_host_rsa_key.
[   12.555892] cloud-init[936]: Your public key has been saved in /etc/ssh/ssh_host_rsa_key.pub.
[[0;32m  OK  [0m] Reached target Timers.
         Starting LXD - unix socket.
[[0;32m  OK  [0m] Listening on UUID daemon activation socket.
[   12.557661] cloud-init[936]: The key fingerprint is:
[[0;32m  OK  [0m[   12.602228] ] Started ACPI Events Check.
cloud-init[936]: SHA256:zLlER+TLMiNzSKyodVsAepavSRbK6P3lkl2qfEzhj04 root@ubuntu-xenial
[   12.644599] cloud-init[936]: The key's randomart image is:
[[0;32m  OK  [0m] Reached target Paths.
[   12.645133] cloud-init[936]: +---[RSA 2048]----+
[   12.721119] cloud-init[936]: |  .      .o      |
         Starting Socket activation for snappy daemon.
[   12.721932] cloud-init[936]: | . o .   o       |
[[   12.823935] cloud-init[936]: |. = . o . o      |
[   12.825605] cloud-init[936]: [0;32m  OK  [0m|o+ + + * + .     |] 
Reached target Network is Online.
[   12.826516] cloud-init[936]: |o.= + * S o      |
[   12.883914] cloud-init[936]: |.=.+ o B *       |
[   12.904535]          cloud-initStarting iSCSI initiator daemon (iscsid)...[936]: 
|..o.. =E*        |
[   12.949153] [cloud-init[0;32m  OK  [0m[936]: ] |    oo+* .       |Listening on LXD - unix socket.

[[0;32m  OK  [0m] Listening on Socket activation for snappy daemon.
[   12.950996] cloud-init[936]: |     +=o         |
[   13.038332] [[0;32m  OK  [0m] Started iSCSI initiator daemon (iscsid).
cloud-init[936]: +----[SHA256]-----+
[   13.057139]          Starting Login to default iSCSI targets...
[[0;32m  OK  [0m] Reached target Sockets.
cloud-init[936]: Generating public/private dsa key pair.
[   13.085050] [[0;32m  OK  [0m] Reached target Basic System.
cloud-init[936]: Your identification has been saved in /etc/ssh/ssh_host_dsa_key.
[   13.121669] [[0;32m  OK  [0m] Started Deferred execution scheduler.
cloud-init[936]: Your public key has been saved in /etc/ssh/ssh_host_dsa_key.pub.
         Starting System Logging Service...
         Starting Login Service...
[[0;32m  OK  [0m] Started ACPI event daemon.
[   13.141025] cloud-init         Starting Pollinate to seed the pseudo random number generator...
[[0;32m  OK  [0m] Started D-Bus System Message Bus.
[936]: The key fingerprint is:
[   13.169760] cloud-init[936]: SHA256:0hH9/o+mQaGvLNxHcEGDgKw66SkBp8Y22eZ9P7qvxcA root@ubuntu-xenial
[   13.175572] cloud-init[936]: The key's randomart image is:
[   13.188435] cloud-init[936]: +---[DSA 1024]----+
[   13.191801] cloud-init[936]: |     . .oo oo    |
[   13.194802] cloud-init[936]: |      o  .o ..   |
[   13.198058] cloud-init[936]: |     .  .  ...   |
[   13.201680] cloud-init[936]: |. . . .. ...o.   |
[   13.205568] cloud-init[936]: |oooo  .ES .+.    |
[   13.210780] cloud-init[936]: |o*+o   .o  oo    |
[   13.224444] [[0;32m  OK  [0m] Started Regular background program processing daemon.
[[0;32m  OK  [0m] Started FUSE filesystem for LXC.
cloud-init[936]: |oo+o.  . + .o.   |
         Starting Virtualbox guest utils...
         Starting Accounts Service...
         Starting LSB: Record successful boot for GRUB...
         Starting LSB: MD monitoring daemon...
[   13.243636] cloud-init[936]: |. o. . .+o....o. |
         Starting Snappy daemon...
         Starting /etc/rc.local Compatibility...
[[0;32m  OK  [0m] Started Unattended Upgrades Shutdown.
         Starting LXD - container startup/shutdown...
[[0;32m  OK  [0m] Started System Logging Service.
[[0;32m  OK  [0m] Started /etc/rc.local Compatibility.
[   13.267951] cloud-init[936]: | .    .+*++..o...|
[   13.305572] cloud-init[936]: +----[SHA256]-----+
[   13.327875] cloud-init[936]: Generating public/private ecdsa key pair.
[   13.352984] cloud-init[936]: Your identification has been saved in /etc/ssh/ssh_host_ecdsa_key.
[[0;32m  OK  [0m] Started Login to default iSCSI targets.
[   13.361836] cloud-init[936]: Your public key has been saved in /etc/ssh/ssh_host_ecdsa_key.pub.
[   13.400867] cloud-init[936]: The key fingerprint is:
[   13.416436] cloud-init[936]: SHA256:KqTUQr7Ke9AZdmq8PzWUlgheOKANQCDu04zg3AMIG1c root@ubuntu-xenial
[[0;32m  OK  [0m] Started LXD - container startup/shutdown.
[[0;32m  OK  [0m] Started LSB: MD monitoring daemon.
[   13.453362] cloud-init[936]: The key's randomart image is:
[   13.467457] [[0;32m  OK  [0m] Started Login Service.
cloud-init[936]: +---[ECDSA 256]---+
[   13.475238] cloud-init[936]: |@oo.E            |         Starting Authenticate and Authorize Users to Run Privileged Tasks...
[[0;32m  OK  [0m
] Reached target Remote File Systems (Pre).
[[0;32m  OK  [0m] Reached target Remote File Systems.
         Starting Permit User Sessions...
[   13.494480] cloud-init         Starting LSB: automatic crash report generation...
         Starting LSB: daemon to balance interrupts for SMP systems...
         Starting LSB: Set the CPU Frequency Scaling governor to "ondemand"...
[936]: |** + .           |
[[0;32m  OK  [0m] Started LSB: Record successful boot for GRUB.
[[0;32m  OK  [0m] Started Permit User Sessions.
[   13.533357] cloud-init[936]: |=o+ + . o        |
[[0;32m  OK  [0m] Started Authenticate and Authorize Users to Run Privileged Tasks.
[   13.563020] cloud-init[936]: |=o*= o =         |
[   13.571664] cloud-init[936]: | *B=B o S        |
[   13.579211] cloud-init[936]: | o.@.  +         |
         Starting Terminate Plymouth Boot Screen...
[   13.590801] cloud-init[936]: |  = o o .        |
[   13.601479] cloud-init[936]: |.. o o           |
[   13.607897]          Starting Hold until boot process finishes up...
[[0;32m  OK  [0m] Started LSB: daemon to balance interrupts for SMP systems.
[[0;32m  OK  [0m] Started Terminate Plymouth Boot Screen.
[[0;32m  OK  [0m] Started Hold until boot process finishes up.
[[0;32m  OK  [0m] Started Accounts Service.
[[0;32m  OK  [0m] Started Virtualbox guest utils.
cloud-init[936]: |.oo ...          |
[   13.648420] cloud-init[936]: +----[SHA256]-----+
[[0;32m  OK  [0m] Started Getty on tty1.
[   13.660501] cloud-init[936]: Generating public/private ed25519 key pair.
[[0;32m  OK  [0m] Started Serial Getty on ttyS0.
[[0;32m  OK  [0m] Reached target Login Prompts.
[   13.670332] cloud-init[936]: Your identification has been saved in /etc/ssh/ssh_host_ed25519_key.
[   13.718048]          cloud-initStarting Set console scheme...[936]: 
Your public key has been saved in /etc/ssh/ssh_host_ed25519_key.pub.
[[0;32m  OK  [0m] Started Pollinate to seed the pseudo random number generator.
[   13.746428] [cloud-init[0;32m  OK  [0m[936]: ] The key fingerprint is:Started LSB: automatic crash report generation.

[[0;32m  OK  [0m] Started LSB: Set the CPU Frequency Scaling governor to "ondemand".
[   13.786135] cloud-init[936]: SHA256:GttHz8MBGk5sEjHyfn5SpGjlhdlIvh7wD5V7GalGTVw root@ubuntu-xenial[[0;32m  OK  [0m] Started Set console scheme.

[   13.823334] [[0;32m  OK  [0m] Started Snappy daemon.
cloud-init[936]: The key's randomart image is:
[   13.828755] cloud-init[936]: +--[ED25519 256]--+
[   13.834857] cloud-init[936]: |    . +..  ...E  |
[   13.838049] cloud-init[936]: |     o * = +..   |
         Starting Wait until snapd is fully seeded...
[   13.849443] cloud-init[936]: |      + @ O +    |
         Starting OpenBSD Secure Shell server...
[   13.860772] cloud-init[936]: |     . @ X + o   |
[   13.868564] cloud-init[936]: |      = S * +    |
[   13.872216] cloud-init[936]: |     . O B = .   |[[0;32m  OK  [0m] Started OpenBSD Secure Shell server.

[   13.877121] cloud-init[936]: |      o = + =    |
[   13.882735] cloud-init[936]: |         +   .   |
[   13.885985] cloud-init[936]: |                 |
[   13.889572] cloud-init[936]: +----[SHA256]-----+
[[0;32m  OK  [0m] Started Wait until snapd is fully seeded.
         Starting Apply the settings specified in cloud-config...
[[0;32m  OK  [0m] Reached target Multi-User System.
[[0;32m  OK  [0m] Reached target Graphical Interface.
         Starting Update UTMP about System Runlevel Changes...
[[0;32m  OK  [0m] Started Update UTMP about System Runlevel Changes.
[   14.795083] cloud-init[1267]: Generating locales (this might take a while)...
[   15.651567] cloud-init[1267]:   en_US.UTF-8... done
[   15.655258] cloud-init[1267]: Generation complete.
[   16.025254] cloud-init[1267]: Cloud-init v. 18.3-9-g2e62cb8a-0ubuntu1~16.04.2 running 'modules:config' at Thu, 13 Sep 2018 10:56:33 +0000. Up 14.67 seconds.
[[0;32m  OK  [0m] Started Apply the settings specified in cloud-config.
         Starting Execute cloud user/final scripts...
ci-info: no authorized ssh keys fingerprints found for user ubuntu.
<14>Sep 13 10:56:34 ec2: 
<14>Sep 13 10:56:34 ec2: #############################################################
<14>Sep 13 10:56:34 ec2: -----BEGIN SSH HOST KEY FINGERPRINTS-----
<14>Sep 13 10:56:34 ec2: 1024 SHA256:0hH9/o+mQaGvLNxHcEGDgKw66SkBp8Y22eZ9P7qvxcA root@ubuntu-xenial (DSA)
<14>Sep 13 10:56:34 ec2: 256 SHA256:KqTUQr7Ke9AZdmq8PzWUlgheOKANQCDu04zg3AMIG1c root@ubuntu-xenial (ECDSA)
<14>Sep 13 10:56:34 ec2: 256 SHA256:GttHz8MBGk5sEjHyfn5SpGjlhdlIvh7wD5V7GalGTVw root@ubuntu-xenial (ED25519)
<14>Sep 13 10:56:34 ec2: 2048 SHA256:zLlER+TLMiNzSKyodVsAepavSRbK6P3lkl2qfEzhj04 root@ubuntu-xenial (RSA)
<14>Sep 13 10:56:34 ec2: -----END SSH HOST KEY FINGERPRINTS-----
<14>Sep 13 10:56:34 ec2: #############################################################
-----BEGIN SSH HOST KEY KEYS-----
ecdsa-sha2-nistp256 AAAAE2VjZHNhLXNoYTItbmlzdHAyNTYAAAAIbmlzdHAyNTYAAABBBAKZlOl+1bi5kmoHV3z78IAlrpJzLuWBzN22yYZEDs1IMpYUX2Kef0tk0BlXrkZZlkhSVdhXAPVo3ida7Js9O4U= root@ubuntu-xenial
ssh-ed25519 AAAAC3NzaC1lZDI1NTE5AAAAIBSW+zxJ/tKY82x8Dze0QI++raVc48/MyI70TDhs2KO+ root@ubuntu-xenial
ssh-rsa AAAAB3NzaC1yc2EAAAADAQABAAABAQDEIYgSCzCoyPFiPO2EHo0TKS/YEJGB0+7yQius/8xm2mAjP0bojvlhCPty7Kd6ZeI05x8PgiydHcatC4uGsn7oxsU/7+CCfWwtKvVqeECzEGWLQbgi5QyjZ5Y0NvbUBuNd221uT5sXAQgj+zoE14vHvXx98CZLeOsClVhc4dzgdhL1dZf1G0bJihqNMbpUQVr1ikqv69bpIfg/ujTOz37vC9yEPPDQROL0WAUOdUMEQAxJhvq0+CQ1SV9oE3eiA8YUZUCEbKiOFse/uy7f1Szzn9KBUffUDnD+vG5z7aCCv1s2PJUte4junsRs9bY9qvfiWponsO9oiq36zFWizjNL root@ubuntu-xenial
-----END SSH HOST KEY KEYS-----
[   16.952794] cloud-init[1310]: Cloud-init v. 18.3-9-g2e62cb8a-0ubuntu1~16.04.2 running 'modules:final' at Thu, 13 Sep 2018 10:56:34 +0000. Up 16.39 seconds.
[   16.959031] cloud-init[1310]: ci-info: no authorized ssh keys fingerprints found for user ubuntu.
[   16.963955] cloud-init[1310]: Cloud-init v. 18.3-9-g2e62cb8a-0ubuntu1~16.04.2 finished at Thu, 13 Sep 2018 10:56:35 +0000. Datasource DataSourceNoCloud [seed=/dev/sdb][dsmode=net].  Up 16.94 seconds
[[0;32m  OK  [0m] Started Execute cloud user/final scripts.
[[0;32m  OK  [0m] Reached target Cloud-init target.

Ubuntu 16.04.5 LTS ubuntu-xenial ttyS0

ubuntu-xenial login: 